{"/mnt/c/Users/Tyvon/Dev/core-nexus/packages/example-lib/src/index.ts": {"path":"/mnt/c/Users/Tyvon/Dev/core-nexus/packages/example-lib/src/index.ts","all":false,"statementMap":{"0":{"start":{"line":1,"column":0},"end":{"line":1,"column":3}},"1":{"start":{"line":2,"column":0},"end":{"line":2,"column":78}},"2":{"start":{"line":3,"column":0},"end":{"line":3,"column":47}},"3":{"start":{"line":4,"column":0},"end":{"line":4,"column":3}},"4":{"start":{"line":5,"column":0},"end":{"line":5,"column":0}},"5":{"start":{"line":6,"column":0},"end":{"line":6,"column":23}},"6":{"start":{"line":7,"column":0},"end":{"line":7,"column":13}},"7":{"start":{"line":8,"column":0},"end":{"line":8,"column":15}},"8":{"start":{"line":9,"column":0},"end":{"line":9,"column":16}},"9":{"start":{"line":10,"column":0},"end":{"line":10,"column":18}},"10":{"start":{"line":11,"column":0},"end":{"line":11,"column":20}},"11":{"start":{"line":12,"column":0},"end":{"line":12,"column":1}},"12":{"start":{"line":13,"column":0},"end":{"line":13,"column":0}},"13":{"start":{"line":14,"column":0},"end":{"line":14,"column":34}},"14":{"start":{"line":15,"column":0},"end":{"line":15,"column":15}},"15":{"start":{"line":16,"column":0},"end":{"line":16,"column":16}},"16":{"start":{"line":17,"column":0},"end":{"line":17,"column":1}},"17":{"start":{"line":18,"column":0},"end":{"line":18,"column":0}},"18":{"start":{"line":19,"column":0},"end":{"line":19,"column":30}},"19":{"start":{"line":20,"column":0},"end":{"line":20,"column":53}},"20":{"start":{"line":21,"column":0},"end":{"line":21,"column":45}},"21":{"start":{"line":22,"column":0},"end":{"line":22,"column":92}},"22":{"start":{"line":23,"column":0},"end":{"line":23,"column":44}},"23":{"start":{"line":24,"column":0},"end":{"line":24,"column":46}},"24":{"start":{"line":25,"column":0},"end":{"line":25,"column":1}},"25":{"start":{"line":26,"column":0},"end":{"line":26,"column":0}},"26":{"start":{"line":27,"column":0},"end":{"line":27,"column":3}},"27":{"start":{"line":28,"column":0},"end":{"line":28,"column":60}},"28":{"start":{"line":29,"column":0},"end":{"line":29,"column":3}},"29":{"start":{"line":30,"column":0},"end":{"line":30,"column":55}},"30":{"start":{"line":31,"column":0},"end":{"line":31,"column":42}},"31":{"start":{"line":32,"column":0},"end":{"line":32,"column":24}},"32":{"start":{"line":33,"column":0},"end":{"line":33,"column":0}},"33":{"start":{"line":34,"column":0},"end":{"line":34,"column":5}},"34":{"start":{"line":35,"column":0},"end":{"line":35,"column":23}},"35":{"start":{"line":36,"column":0},"end":{"line":36,"column":5}},"36":{"start":{"line":37,"column":0},"end":{"line":37,"column":59}},"37":{"start":{"line":38,"column":0},"end":{"line":38,"column":38}},"38":{"start":{"line":39,"column":0},"end":{"line":39,"column":53}},"39":{"start":{"line":40,"column":0},"end":{"line":40,"column":5}},"40":{"start":{"line":41,"column":0},"end":{"line":41,"column":0}},"41":{"start":{"line":42,"column":0},"end":{"line":42,"column":42}},"42":{"start":{"line":43,"column":0},"end":{"line":43,"column":46}},"43":{"start":{"line":44,"column":0},"end":{"line":44,"column":5}},"44":{"start":{"line":45,"column":0},"end":{"line":45,"column":0}},"45":{"start":{"line":46,"column":0},"end":{"line":46,"column":32}},"46":{"start":{"line":47,"column":0},"end":{"line":47,"column":62}},"47":{"start":{"line":48,"column":0},"end":{"line":48,"column":42}},"48":{"start":{"line":49,"column":0},"end":{"line":49,"column":6}},"49":{"start":{"line":50,"column":0},"end":{"line":50,"column":23}},"50":{"start":{"line":51,"column":0},"end":{"line":51,"column":61}},"51":{"start":{"line":52,"column":0},"end":{"line":52,"column":5}},"52":{"start":{"line":53,"column":0},"end":{"line":53,"column":0}},"53":{"start":{"line":54,"column":0},"end":{"line":54,"column":24}},"54":{"start":{"line":55,"column":0},"end":{"line":55,"column":28}},"55":{"start":{"line":56,"column":0},"end":{"line":56,"column":30}},"56":{"start":{"line":57,"column":0},"end":{"line":57,"column":46}},"57":{"start":{"line":58,"column":0},"end":{"line":58,"column":28}},"58":{"start":{"line":59,"column":0},"end":{"line":59,"column":21}},"59":{"start":{"line":60,"column":0},"end":{"line":60,"column":6}},"60":{"start":{"line":61,"column":0},"end":{"line":61,"column":0}},"61":{"start":{"line":62,"column":0},"end":{"line":62,"column":34}},"62":{"start":{"line":63,"column":0},"end":{"line":63,"column":16}},"63":{"start":{"line":64,"column":0},"end":{"line":64,"column":3}},"64":{"start":{"line":65,"column":0},"end":{"line":65,"column":0}},"65":{"start":{"line":66,"column":0},"end":{"line":66,"column":5}},"66":{"start":{"line":67,"column":0},"end":{"line":67,"column":27}},"67":{"start":{"line":68,"column":0},"end":{"line":68,"column":5}},"68":{"start":{"line":69,"column":0},"end":{"line":69,"column":51}},"69":{"start":{"line":70,"column":0},"end":{"line":70,"column":14}},"70":{"start":{"line":71,"column":0},"end":{"line":71,"column":45}},"71":{"start":{"line":72,"column":0},"end":{"line":72,"column":5}},"72":{"start":{"line":73,"column":0},"end":{"line":73,"column":38}},"73":{"start":{"line":74,"column":0},"end":{"line":74,"column":3}},"74":{"start":{"line":75,"column":0},"end":{"line":75,"column":0}},"75":{"start":{"line":76,"column":0},"end":{"line":76,"column":5}},"76":{"start":{"line":77,"column":0},"end":{"line":77,"column":29}},"77":{"start":{"line":78,"column":0},"end":{"line":78,"column":5}},"78":{"start":{"line":79,"column":0},"end":{"line":79,"column":97}},"79":{"start":{"line":80,"column":0},"end":{"line":80,"column":40}},"80":{"start":{"line":81,"column":0},"end":{"line":81,"column":16}},"81":{"start":{"line":82,"column":0},"end":{"line":82,"column":54}},"82":{"start":{"line":83,"column":0},"end":{"line":83,"column":5}},"83":{"start":{"line":84,"column":0},"end":{"line":84,"column":0}},"84":{"start":{"line":85,"column":0},"end":{"line":85,"column":61}},"85":{"start":{"line":86,"column":0},"end":{"line":86,"column":46}},"86":{"start":{"line":87,"column":0},"end":{"line":87,"column":5}},"87":{"start":{"line":88,"column":0},"end":{"line":88,"column":0}},"88":{"start":{"line":89,"column":0},"end":{"line":89,"column":58}},"89":{"start":{"line":90,"column":0},"end":{"line":90,"column":56}},"90":{"start":{"line":91,"column":0},"end":{"line":91,"column":64}},"91":{"start":{"line":92,"column":0},"end":{"line":92,"column":55}},"92":{"start":{"line":93,"column":0},"end":{"line":93,"column":8}},"93":{"start":{"line":94,"column":0},"end":{"line":94,"column":25}},"94":{"start":{"line":95,"column":0},"end":{"line":95,"column":63}},"95":{"start":{"line":96,"column":0},"end":{"line":96,"column":7}},"96":{"start":{"line":97,"column":0},"end":{"line":97,"column":5}},"97":{"start":{"line":98,"column":0},"end":{"line":98,"column":0}},"98":{"start":{"line":99,"column":0},"end":{"line":99,"column":31}},"99":{"start":{"line":100,"column":0},"end":{"line":100,"column":14}},"100":{"start":{"line":101,"column":0},"end":{"line":101,"column":17}},"101":{"start":{"line":102,"column":0},"end":{"line":102,"column":49}},"102":{"start":{"line":103,"column":0},"end":{"line":103,"column":70}},"103":{"start":{"line":104,"column":0},"end":{"line":104,"column":77}},"104":{"start":{"line":105,"column":0},"end":{"line":105,"column":59}},"105":{"start":{"line":106,"column":0},"end":{"line":106,"column":6}},"106":{"start":{"line":107,"column":0},"end":{"line":107,"column":0}},"107":{"start":{"line":108,"column":0},"end":{"line":108,"column":36}},"108":{"start":{"line":109,"column":0},"end":{"line":109,"column":23}},"109":{"start":{"line":110,"column":0},"end":{"line":110,"column":3}},"110":{"start":{"line":111,"column":0},"end":{"line":111,"column":0}},"111":{"start":{"line":112,"column":0},"end":{"line":112,"column":5}},"112":{"start":{"line":113,"column":0},"end":{"line":113,"column":19}},"113":{"start":{"line":114,"column":0},"end":{"line":114,"column":5}},"114":{"start":{"line":115,"column":0},"end":{"line":115,"column":50}},"115":{"start":{"line":116,"column":0},"end":{"line":116,"column":14}},"116":{"start":{"line":117,"column":0},"end":{"line":117,"column":45}},"117":{"start":{"line":118,"column":0},"end":{"line":118,"column":5}},"118":{"start":{"line":119,"column":0},"end":{"line":119,"column":33}},"119":{"start":{"line":120,"column":0},"end":{"line":120,"column":3}},"120":{"start":{"line":121,"column":0},"end":{"line":121,"column":0}},"121":{"start":{"line":122,"column":0},"end":{"line":122,"column":5}},"122":{"start":{"line":123,"column":0},"end":{"line":123,"column":40}},"123":{"start":{"line":124,"column":0},"end":{"line":124,"column":5}},"124":{"start":{"line":125,"column":0},"end":{"line":125,"column":52}},"125":{"start":{"line":126,"column":0},"end":{"line":126,"column":50}},"126":{"start":{"line":127,"column":0},"end":{"line":127,"column":72}},"127":{"start":{"line":128,"column":0},"end":{"line":128,"column":49}},"128":{"start":{"line":129,"column":0},"end":{"line":129,"column":3}},"129":{"start":{"line":130,"column":0},"end":{"line":130,"column":0}},"130":{"start":{"line":131,"column":0},"end":{"line":131,"column":5}},"131":{"start":{"line":132,"column":0},"end":{"line":132,"column":35}},"132":{"start":{"line":133,"column":0},"end":{"line":133,"column":5}},"133":{"start":{"line":134,"column":0},"end":{"line":134,"column":41}},"134":{"start":{"line":135,"column":0},"end":{"line":135,"column":27}},"135":{"start":{"line":136,"column":0},"end":{"line":136,"column":3}},"136":{"start":{"line":137,"column":0},"end":{"line":137,"column":0}},"137":{"start":{"line":138,"column":0},"end":{"line":138,"column":5}},"138":{"start":{"line":139,"column":0},"end":{"line":139,"column":42}},"139":{"start":{"line":140,"column":0},"end":{"line":140,"column":5}},"140":{"start":{"line":141,"column":0},"end":{"line":141,"column":32}},"141":{"start":{"line":142,"column":0},"end":{"line":142,"column":23}},"142":{"start":{"line":143,"column":0},"end":{"line":143,"column":23}},"143":{"start":{"line":144,"column":0},"end":{"line":144,"column":3}},"144":{"start":{"line":145,"column":0},"end":{"line":145,"column":0}},"145":{"start":{"line":146,"column":0},"end":{"line":146,"column":32}},"146":{"start":{"line":147,"column":0},"end":{"line":147,"column":38}},"147":{"start":{"line":148,"column":0},"end":{"line":148,"column":3}},"148":{"start":{"line":149,"column":0},"end":{"line":149,"column":0}},"149":{"start":{"line":150,"column":0},"end":{"line":150,"column":48}},"150":{"start":{"line":151,"column":0},"end":{"line":151,"column":52}},"151":{"start":{"line":152,"column":0},"end":{"line":152,"column":34}},"152":{"start":{"line":153,"column":0},"end":{"line":153,"column":3}},"153":{"start":{"line":154,"column":0},"end":{"line":154,"column":1}},"154":{"start":{"line":155,"column":0},"end":{"line":155,"column":0}},"155":{"start":{"line":156,"column":0},"end":{"line":156,"column":3}},"156":{"start":{"line":157,"column":0},"end":{"line":157,"column":43}},"157":{"start":{"line":158,"column":0},"end":{"line":158,"column":3}},"158":{"start":{"line":159,"column":0},"end":{"line":159,"column":26}},"159":{"start":{"line":160,"column":0},"end":{"line":160,"column":5}},"160":{"start":{"line":161,"column":0},"end":{"line":161,"column":34}},"161":{"start":{"line":162,"column":0},"end":{"line":162,"column":5}},"162":{"start":{"line":163,"column":0},"end":{"line":163,"column":38}},"163":{"start":{"line":164,"column":0},"end":{"line":164,"column":21}},"164":{"start":{"line":165,"column":0},"end":{"line":165,"column":4}},"165":{"start":{"line":166,"column":0},"end":{"line":166,"column":0}},"166":{"start":{"line":167,"column":0},"end":{"line":167,"column":5}},"167":{"start":{"line":168,"column":0},"end":{"line":168,"column":64}},"168":{"start":{"line":169,"column":0},"end":{"line":169,"column":5}},"169":{"start":{"line":170,"column":0},"end":{"line":170,"column":42}},"170":{"start":{"line":171,"column":0},"end":{"line":171,"column":65}},"171":{"start":{"line":172,"column":0},"end":{"line":172,"column":38}},"172":{"start":{"line":173,"column":0},"end":{"line":173,"column":4}},"173":{"start":{"line":174,"column":0},"end":{"line":174,"column":0}},"174":{"start":{"line":175,"column":0},"end":{"line":175,"column":5}},"175":{"start":{"line":176,"column":0},"end":{"line":176,"column":23}},"176":{"start":{"line":177,"column":0},"end":{"line":177,"column":5}},"177":{"start":{"line":178,"column":0},"end":{"line":178,"column":35}},"178":{"start":{"line":179,"column":0},"end":{"line":179,"column":20}},"179":{"start":{"line":180,"column":0},"end":{"line":180,"column":17}},"180":{"start":{"line":181,"column":0},"end":{"line":181,"column":50}},"181":{"start":{"line":182,"column":0},"end":{"line":182,"column":15}},"182":{"start":{"line":183,"column":0},"end":{"line":183,"column":19}},"183":{"start":{"line":184,"column":0},"end":{"line":184,"column":4}},"184":{"start":{"line":185,"column":0},"end":{"line":185,"column":0}},"185":{"start":{"line":186,"column":0},"end":{"line":186,"column":5}},"186":{"start":{"line":187,"column":0},"end":{"line":187,"column":24}},"187":{"start":{"line":188,"column":0},"end":{"line":188,"column":5}},"188":{"start":{"line":189,"column":0},"end":{"line":189,"column":47}},"189":{"start":{"line":190,"column":0},"end":{"line":190,"column":32}},"190":{"start":{"line":191,"column":0},"end":{"line":191,"column":0}},"191":{"start":{"line":192,"column":0},"end":{"line":192,"column":54}},"192":{"start":{"line":193,"column":0},"end":{"line":193,"column":38}},"193":{"start":{"line":194,"column":0},"end":{"line":194,"column":5}},"194":{"start":{"line":195,"column":0},"end":{"line":195,"column":0}},"195":{"start":{"line":196,"column":0},"end":{"line":196,"column":56}},"196":{"start":{"line":197,"column":0},"end":{"line":197,"column":39}},"197":{"start":{"line":198,"column":0},"end":{"line":198,"column":64}},"198":{"start":{"line":199,"column":0},"end":{"line":199,"column":42}},"199":{"start":{"line":200,"column":0},"end":{"line":200,"column":5}},"200":{"start":{"line":201,"column":0},"end":{"line":201,"column":0}},"201":{"start":{"line":202,"column":0},"end":{"line":202,"column":18}},"202":{"start":{"line":203,"column":0},"end":{"line":203,"column":4}},"203":{"start":{"line":204,"column":0},"end":{"line":204,"column":2}},"204":{"start":{"line":205,"column":0},"end":{"line":205,"column":0}},"205":{"start":{"line":206,"column":0},"end":{"line":206,"column":44}},"206":{"start":{"line":207,"column":0},"end":{"line":207,"column":51}},"207":{"start":{"line":208,"column":0},"end":{"line":208,"column":0}},"208":{"start":{"line":209,"column":0},"end":{"line":209,"column":39}},"209":{"start":{"line":210,"column":0},"end":{"line":210,"column":24}},"210":{"start":{"line":211,"column":0},"end":{"line":211,"column":33}}},"s":{"0":1,"1":1,"2":1,"3":1,"4":1,"5":1,"6":1,"7":1,"8":1,"9":1,"10":1,"11":1,"12":1,"13":1,"14":1,"15":1,"16":1,"17":1,"18":1,"19":1,"20":1,"21":1,"22":1,"23":1,"24":1,"25":1,"26":1,"27":1,"28":1,"29":1,"30":21,"31":21,"32":21,"33":21,"34":21,"35":21,"36":21,"37":22,"38":1,"39":1,"40":21,"41":22,"42":1,"43":1,"44":20,"45":20,"46":20,"47":20,"48":20,"49":22,"50":1,"51":1,"52":19,"53":19,"54":19,"55":19,"56":19,"57":19,"58":19,"59":19,"60":19,"61":19,"62":19,"63":22,"64":21,"65":21,"66":21,"67":21,"68":21,"69":8,"70":1,"71":1,"72":8,"73":8,"74":21,"75":21,"76":21,"77":21,"78":21,"79":4,"80":4,"81":1,"82":1,"83":3,"84":4,"85":1,"86":1,"87":2,"88":2,"89":4,"90":1,"91":1,"92":1,"93":1,"94":1,"95":1,"96":1,"97":1,"98":1,"99":1,"100":1,"101":1,"102":1,"103":4,"104":4,"105":4,"106":4,"107":4,"108":4,"109":4,"110":21,"111":21,"112":21,"113":21,"114":21,"115":3,"116":1,"117":1,"118":2,"119":3,"120":21,"121":21,"122":21,"123":21,"124":21,"125":3,"126":3,"127":3,"128":3,"129":21,"130":21,"131":21,"132":21,"133":21,"134":5,"135":5,"136":21,"137":21,"138":21,"139":21,"140":21,"141":21,"142":21,"143":21,"144":21,"145":21,"146":19,"147":19,"148":21,"149":21,"150":23,"151":23,"152":23,"153":21,"154":1,"155":1,"156":1,"157":1,"158":1,"159":1,"160":1,"161":1,"162":1,"163":1,"164":1,"165":1,"166":1,"167":1,"168":1,"169":1,"170":2,"171":2,"172":2,"173":1,"174":1,"175":1,"176":1,"177":1,"178":3,"179":3,"180":3,"181":3,"182":3,"183":3,"184":1,"185":1,"186":1,"187":1,"188":1,"189":5,"190":5,"191":5,"192":2,"193":2,"194":5,"195":5,"196":1,"197":5,"198":2,"199":2,"200":5,"201":5,"202":5,"203":1,"204":1,"205":1,"206":1,"207":1,"208":1,"209":1,"210":1},"branchMap":{"0":{"type":"branch","line":30,"loc":{"start":{"line":30,"column":54},"end":{"line":154,"column":1}},"locations":[{"start":{"line":30,"column":54},"end":{"line":154,"column":1}}]},"1":{"type":"branch","line":37,"loc":{"start":{"line":37,"column":2},"end":{"line":64,"column":3}},"locations":[{"start":{"line":37,"column":2},"end":{"line":64,"column":3}}]},"2":{"type":"branch","line":38,"loc":{"start":{"line":38,"column":15},"end":{"line":38,"column":37}},"locations":[{"start":{"line":38,"column":15},"end":{"line":38,"column":37}}]},"3":{"type":"branch","line":38,"loc":{"start":{"line":38,"column":37},"end":{"line":40,"column":5}},"locations":[{"start":{"line":38,"column":37},"end":{"line":40,"column":5}}]},"4":{"type":"branch","line":40,"loc":{"start":{"line":40,"column":4},"end":{"line":42,"column":41}},"locations":[{"start":{"line":40,"column":4},"end":{"line":42,"column":41}}]},"5":{"type":"branch","line":42,"loc":{"start":{"line":42,"column":41},"end":{"line":44,"column":5}},"locations":[{"start":{"line":42,"column":41},"end":{"line":44,"column":5}}]},"6":{"type":"branch","line":44,"loc":{"start":{"line":44,"column":4},"end":{"line":50,"column":22}},"locations":[{"start":{"line":44,"column":4},"end":{"line":50,"column":22}}]},"7":{"type":"branch","line":50,"loc":{"start":{"line":50,"column":22},"end":{"line":52,"column":5}},"locations":[{"start":{"line":50,"column":22},"end":{"line":52,"column":5}}]},"8":{"type":"branch","line":52,"loc":{"start":{"line":52,"column":4},"end":{"line":63,"column":16}},"locations":[{"start":{"line":52,"column":4},"end":{"line":63,"column":16}}]},"9":{"type":"branch","line":48,"loc":{"start":{"line":48,"column":6},"end":{"line":48,"column":42}},"locations":[{"start":{"line":48,"column":6},"end":{"line":48,"column":42}}]},"10":{"type":"branch","line":69,"loc":{"start":{"line":69,"column":2},"end":{"line":74,"column":3}},"locations":[{"start":{"line":69,"column":2},"end":{"line":74,"column":3}}]},"11":{"type":"branch","line":70,"loc":{"start":{"line":70,"column":13},"end":{"line":72,"column":5}},"locations":[{"start":{"line":70,"column":13},"end":{"line":72,"column":5}}]},"12":{"type":"branch","line":72,"loc":{"start":{"line":72,"column":4},"end":{"line":73,"column":33}},"locations":[{"start":{"line":72,"column":4},"end":{"line":73,"column":33}}]},"13":{"type":"branch","line":73,"loc":{"start":{"line":73,"column":28},"end":{"line":73,"column":38}},"locations":[{"start":{"line":73,"column":28},"end":{"line":73,"column":38}}]},"14":{"type":"branch","line":79,"loc":{"start":{"line":79,"column":2},"end":{"line":110,"column":3}},"locations":[{"start":{"line":79,"column":2},"end":{"line":110,"column":3}}]},"15":{"type":"branch","line":81,"loc":{"start":{"line":81,"column":15},"end":{"line":83,"column":5}},"locations":[{"start":{"line":81,"column":15},"end":{"line":83,"column":5}}]},"16":{"type":"branch","line":83,"loc":{"start":{"line":83,"column":4},"end":{"line":85,"column":25}},"locations":[{"start":{"line":83,"column":4},"end":{"line":85,"column":25}}]},"17":{"type":"branch","line":85,"loc":{"start":{"line":85,"column":16},"end":{"line":85,"column":60}},"locations":[{"start":{"line":85,"column":16},"end":{"line":85,"column":60}}]},"18":{"type":"branch","line":85,"loc":{"start":{"line":85,"column":60},"end":{"line":87,"column":5}},"locations":[{"start":{"line":85,"column":60},"end":{"line":87,"column":5}}]},"19":{"type":"branch","line":87,"loc":{"start":{"line":87,"column":4},"end":{"line":90,"column":25}},"locations":[{"start":{"line":87,"column":4},"end":{"line":90,"column":25}}]},"20":{"type":"branch","line":90,"loc":{"start":{"line":90,"column":16},"end":{"line":90,"column":55}},"locations":[{"start":{"line":90,"column":16},"end":{"line":90,"column":55}}]},"21":{"type":"branch","line":90,"loc":{"start":{"line":90,"column":55},"end":{"line":104,"column":29}},"locations":[{"start":{"line":90,"column":55},"end":{"line":104,"column":29}}]},"22":{"type":"branch","line":104,"loc":{"start":{"line":104,"column":21},"end":{"line":104,"column":66}},"locations":[{"start":{"line":104,"column":21},"end":{"line":104,"column":66}}]},"23":{"type":"branch","line":104,"loc":{"start":{"line":104,"column":62},"end":{"line":104,"column":77}},"locations":[{"start":{"line":104,"column":62},"end":{"line":104,"column":77}}]},"24":{"type":"branch","line":105,"loc":{"start":{"line":105,"column":20},"end":{"line":105,"column":49}},"locations":[{"start":{"line":105,"column":20},"end":{"line":105,"column":49}}]},"25":{"type":"branch","line":105,"loc":{"start":{"line":105,"column":45},"end":{"line":105,"column":59}},"locations":[{"start":{"line":105,"column":45},"end":{"line":105,"column":59}}]},"26":{"type":"branch","line":92,"loc":{"start":{"line":92,"column":8},"end":{"line":92,"column":55}},"locations":[{"start":{"line":92,"column":8},"end":{"line":92,"column":55}}]},"27":{"type":"branch","line":115,"loc":{"start":{"line":115,"column":2},"end":{"line":120,"column":3}},"locations":[{"start":{"line":115,"column":2},"end":{"line":120,"column":3}}]},"28":{"type":"branch","line":116,"loc":{"start":{"line":116,"column":13},"end":{"line":118,"column":5}},"locations":[{"start":{"line":116,"column":13},"end":{"line":118,"column":5}}]},"29":{"type":"branch","line":118,"loc":{"start":{"line":118,"column":4},"end":{"line":119,"column":33}},"locations":[{"start":{"line":118,"column":4},"end":{"line":119,"column":33}}]},"30":{"type":"branch","line":125,"loc":{"start":{"line":125,"column":2},"end":{"line":129,"column":3}},"locations":[{"start":{"line":125,"column":2},"end":{"line":129,"column":3}}]},"31":{"type":"branch","line":128,"loc":{"start":{"line":128,"column":11},"end":{"line":128,"column":43}},"locations":[{"start":{"line":128,"column":11},"end":{"line":128,"column":43}}]},"32":{"type":"branch","line":128,"loc":{"start":{"line":128,"column":39},"end":{"line":128,"column":49}},"locations":[{"start":{"line":128,"column":39},"end":{"line":128,"column":49}}]},"33":{"type":"branch","line":127,"loc":{"start":{"line":127,"column":15},"end":{"line":127,"column":70}},"locations":[{"start":{"line":127,"column":15},"end":{"line":127,"column":70}}]},"34":{"type":"branch","line":134,"loc":{"start":{"line":134,"column":2},"end":{"line":136,"column":3}},"locations":[{"start":{"line":134,"column":2},"end":{"line":136,"column":3}}]},"35":{"type":"branch","line":141,"loc":{"start":{"line":141,"column":2},"end":{"line":144,"column":3}},"locations":[{"start":{"line":141,"column":2},"end":{"line":144,"column":3}}]},"36":{"type":"branch","line":146,"loc":{"start":{"line":146,"column":10},"end":{"line":148,"column":3}},"locations":[{"start":{"line":146,"column":10},"end":{"line":148,"column":3}}]},"37":{"type":"branch","line":150,"loc":{"start":{"line":150,"column":10},"end":{"line":153,"column":3}},"locations":[{"start":{"line":150,"column":10},"end":{"line":153,"column":3}}]},"38":{"type":"branch","line":163,"loc":{"start":{"line":163,"column":2},"end":{"line":165,"column":4}},"locations":[{"start":{"line":163,"column":2},"end":{"line":165,"column":4}}]},"39":{"type":"branch","line":170,"loc":{"start":{"line":170,"column":2},"end":{"line":173,"column":4}},"locations":[{"start":{"line":170,"column":2},"end":{"line":173,"column":4}}]},"40":{"type":"branch","line":178,"loc":{"start":{"line":178,"column":2},"end":{"line":184,"column":4}},"locations":[{"start":{"line":178,"column":2},"end":{"line":184,"column":4}}]},"41":{"type":"branch","line":181,"loc":{"start":{"line":181,"column":11},"end":{"line":181,"column":49}},"locations":[{"start":{"line":181,"column":11},"end":{"line":181,"column":49}}]},"42":{"type":"branch","line":189,"loc":{"start":{"line":189,"column":2},"end":{"line":203,"column":4}},"locations":[{"start":{"line":189,"column":2},"end":{"line":203,"column":4}}]},"43":{"type":"branch","line":192,"loc":{"start":{"line":192,"column":14},"end":{"line":192,"column":53}},"locations":[{"start":{"line":192,"column":14},"end":{"line":192,"column":53}}]},"44":{"type":"branch","line":192,"loc":{"start":{"line":192,"column":53},"end":{"line":194,"column":5}},"locations":[{"start":{"line":192,"column":53},"end":{"line":194,"column":5}}]},"45":{"type":"branch","line":196,"loc":{"start":{"line":196,"column":14},"end":{"line":196,"column":55}},"locations":[{"start":{"line":196,"column":14},"end":{"line":196,"column":55}}]},"46":{"type":"branch","line":196,"loc":{"start":{"line":196,"column":55},"end":{"line":198,"column":15}},"locations":[{"start":{"line":196,"column":55},"end":{"line":198,"column":15}}]},"47":{"type":"branch","line":198,"loc":{"start":{"line":198,"column":4},"end":{"line":200,"column":5}},"locations":[{"start":{"line":198,"column":4},"end":{"line":200,"column":5}}]},"48":{"type":"branch","line":198,"loc":{"start":{"line":198,"column":63},"end":{"line":200,"column":5}},"locations":[{"start":{"line":198,"column":63},"end":{"line":200,"column":5}}]}},"b":{"0":[21],"1":[22],"2":[21],"3":[1],"4":[21],"5":[1],"6":[20],"7":[1],"8":[19],"9":[10],"10":[8],"11":[1],"12":[7],"13":[3],"14":[4],"15":[1],"16":[3],"17":[2],"18":[1],"19":[2],"20":[1],"21":[1],"22":[0],"23":[1],"24":[1],"25":[0],"26":[1],"27":[3],"28":[1],"29":[2],"30":[3],"31":[1],"32":[2],"33":[4],"34":[5],"35":[21],"36":[19],"37":[23],"38":[1],"39":[2],"40":[3],"41":[6],"42":[5],"43":[3],"44":[2],"45":[4],"46":[1],"47":[4],"48":[2]},"fnMap":{"0":{"name":"<instance_members_initializer>","decl":{"start":{"line":30,"column":54},"end":{"line":154,"column":1}},"loc":{"start":{"line":30,"column":54},"end":{"line":154,"column":1}},"line":30},"1":{"name":"createUser","decl":{"start":{"line":37,"column":2},"end":{"line":64,"column":3}},"loc":{"start":{"line":37,"column":2},"end":{"line":64,"column":3}},"line":37},"2":{"name":"getUser","decl":{"start":{"line":69,"column":2},"end":{"line":74,"column":3}},"loc":{"start":{"line":69,"column":2},"end":{"line":74,"column":3}},"line":69},"3":{"name":"updateUser","decl":{"start":{"line":79,"column":2},"end":{"line":110,"column":3}},"loc":{"start":{"line":79,"column":2},"end":{"line":110,"column":3}},"line":79},"4":{"name":"deleteUser","decl":{"start":{"line":115,"column":2},"end":{"line":120,"column":3}},"loc":{"start":{"line":115,"column":2},"end":{"line":120,"column":3}},"line":115},"5":{"name":"listUsers","decl":{"start":{"line":125,"column":2},"end":{"line":129,"column":3}},"loc":{"start":{"line":125,"column":2},"end":{"line":129,"column":3}},"line":125},"6":{"name":"getUserCount","decl":{"start":{"line":134,"column":2},"end":{"line":136,"column":3}},"loc":{"start":{"line":134,"column":2},"end":{"line":136,"column":3}},"line":134},"7":{"name":"clear","decl":{"start":{"line":141,"column":2},"end":{"line":144,"column":3}},"loc":{"start":{"line":141,"column":2},"end":{"line":144,"column":3}},"line":141},"8":{"name":"generateId","decl":{"start":{"line":146,"column":10},"end":{"line":148,"column":3}},"loc":{"start":{"line":146,"column":10},"end":{"line":148,"column":3}},"line":146},"9":{"name":"isValidEmail","decl":{"start":{"line":150,"column":10},"end":{"line":153,"column":3}},"loc":{"start":{"line":150,"column":10},"end":{"line":153,"column":3}},"line":150},"10":{"name":"getDisplayName","decl":{"start":{"line":163,"column":2},"end":{"line":165,"column":4}},"loc":{"start":{"line":163,"column":2},"end":{"line":165,"column":4}},"line":163},"11":{"name":"isRecentlyCreated","decl":{"start":{"line":170,"column":2},"end":{"line":173,"column":4}},"loc":{"start":{"line":170,"column":2},"end":{"line":173,"column":4}},"line":170},"12":{"name":"getInitials","decl":{"start":{"line":178,"column":2},"end":{"line":184,"column":4}},"loc":{"start":{"line":178,"column":2},"end":{"line":184,"column":4}},"line":178},"13":{"name":"validateUser","decl":{"start":{"line":189,"column":2},"end":{"line":203,"column":4}},"loc":{"start":{"line":189,"column":2},"end":{"line":203,"column":4}},"line":189}},"f":{"0":21,"1":22,"2":8,"3":4,"4":3,"5":3,"6":5,"7":21,"8":19,"9":23,"10":1,"11":2,"12":3,"13":5}}
}
